             precision    recall  f1-score   support

        331       0.89      0.21      0.33        39
        615       0.29      0.15      0.20        27
        346       0.51      0.59      0.55        56
        711       0.00      0.00      0.00        18
        370       0.83      0.24      0.37        21
        618       1.00      0.05      0.10        20
        342       0.50      0.27      0.35        30
        610       0.37      0.51      0.43        53
        343       0.84      0.62      0.71        52
        364       0.00      0.00      0.00        14
        378       0.58      0.50      0.54        22
        658       0.61      0.47      0.53        30
        341       0.47      0.63      0.54        35
        344       0.59      0.50      0.54        26
        307       0.49      0.78      0.60        37
        362       0.66      0.83      0.74       325
        340       0.00      0.00      0.00        13
        070       0.67      0.12      0.20        17
        320       0.60      0.29      0.39        42
        371       0.00      0.00      0.00        21
        332       0.52      0.61      0.56        23
        306       0.37      0.30      0.33        64
        327       0.38      0.86      0.52        35
        304       0.00      0.00      0.00        13
        616       0.62      0.69      0.65       143
        345       0.38      0.52      0.44        21
        839       0.92      0.77      0.84        44
        333       0.83      0.22      0.34        23
        351       0.24      0.73      0.36        22
        372       0.32      0.54      0.40        28
        305       0.25      0.44      0.32        45
        614       1.00      0.05      0.09        22
        352       0.67      0.06      0.11        34
        948       0.30      0.78      0.44        18
        174       0.00      0.00      0.00        16
        261       0.48      0.74      0.58        19
        324       0.50      0.53      0.51        17
        347       0.38      0.26      0.31        19
        657       0.65      0.72      0.68        18
        363       0.33      0.36      0.34        42
        302       0.41      0.56      0.47        27
        001       0.00      0.00      0.00        16
        338       0.50      0.29      0.37        24
        617       0.25      0.16      0.19        19

avg / total       0.53      0.52      0.48      1650


Accuracy: 0.51696969697