             precision    recall  f1-score   support

        331       0.85      0.28      0.42        39
        615       0.00      0.00      0.00        27
        346       0.28      0.48      0.35        56
        711       0.00      0.00      0.00        18
        370       0.00      0.00      0.00        21
        618       0.00      0.00      0.00        20
        342       0.73      0.27      0.39        30
        610       0.40      0.04      0.07        53
        343       0.64      0.67      0.65        52
        364       0.00      0.00      0.00        14
        378       0.00      0.00      0.00        22
        658       0.53      0.63      0.58        30
        341       0.55      0.46      0.50        35
        344       0.46      0.50      0.48        26
        307       0.31      0.62      0.41        37
        362       0.47      0.94      0.63       325
        340       0.00      0.00      0.00        13
        070       0.00      0.00      0.00        17
        320       0.27      0.48      0.34        42
        371       0.00      0.00      0.00        21
        332       1.00      0.09      0.16        23
        306       0.44      0.06      0.11        64
        327       0.51      0.63      0.56        35
        304       0.00      0.00      0.00        13
        616       0.59      0.62      0.60       143
        345       1.00      0.14      0.25        21
        839       0.56      0.93      0.70        44
        333       1.00      0.13      0.23        23
        351       0.20      0.09      0.13        22
        372       0.31      0.64      0.42        28
        305       0.27      0.53      0.36        45
        614       0.00      0.00      0.00        22
        352       0.25      0.44      0.32        34
        948       0.50      0.22      0.31        18
        174       0.00      0.00      0.00        16
        261       0.50      0.11      0.17        19
        324       0.00      0.00      0.00        17
        347       0.00      0.00      0.00        19
        657       0.67      0.89      0.76        18
        363       0.29      0.17      0.21        42
        302       0.58      0.41      0.48        27
        001       0.00      0.00      0.00        16
        338       0.50      0.04      0.08        24
        617       0.00      0.00      0.00        19

avg / total       0.41      0.45      0.37      1650


Accuracy: 0.449696969697